[{"line":2,"elements":[{"start_timestamp":"2023-06-25T23:15:02.391Z","line":5,"name":"Check Login with valid credintals","description":"","id":"login-function-test;check-login-with-valid-credintals","type":"scenario","keyword":"Scenario","steps":[{"result":{"duration":1892323000,"status":"passed"},"line":7,"name":"user can open go the url","match":{"location":"step.Definations.LoginStepDefination.user_can_open_go_the_url()"},"keyword":"Given "},{"result":{"error_message":"org.openqa.selenium.NoSuchElementException: no such element: Unable to locate element: {\"method\":\"xpath\",\"selector\":\"//*[@id='username']\"}\n  (Session info: chrome=114.0.5735.134)\nFor documentation on this error, please visit: https://www.selenium.dev/documentation/webdriver/troubleshooting/errors#no-such-element-exception\nBuild info: version: '4.10.0', revision: 'c14d967899'\nSystem info: os.name: 'Windows 11', os.arch: 'amd64', os.version: '10.0', java.version: '17.0.6'\nDriver info: org.openqa.selenium.chrome.ChromeDriver\nCommand: [48e6a6cfb3684282fffedf42532aa136, findElement {using=xpath, value=//*[@id='username']}]\nCapabilities {acceptInsecureCerts: false, browserName: chrome, browserVersion: 114.0.5735.134, chrome: {chromedriverVersion: 114.0.5735.90 (386bc09e8f4f..., userDataDir: C:\\Users\\dasuz\\AppData\\Loca...}, goog:chromeOptions: {debuggerAddress: localhost:56868}, networkConnectionEnabled: false, pageLoadStrategy: normal, platformName: windows, proxy: Proxy(), se:cdp: ws://localhost:56868/devtoo..., se:cdpVersion: 114.0.5735.134, setWindowRect: true, strictFileInteractability: false, timeouts: {implicit: 0, pageLoad: 300000, script: 30000}, unhandledPromptBehavior: dismiss and notify, webauthn:extension:credBlob: true, webauthn:extension:largeBlob: true, webauthn:extension:minPinLength: true, webauthn:extension:prf: true, webauthn:virtualAuthenticators: true}\nSession ID: 48e6a6cfb3684282fffedf42532aa136\r\n\tat java.base/jdk.internal.reflect.NativeConstructorAccessorImpl.newInstance0(Native Method)\r\n\tat java.base/jdk.internal.reflect.NativeConstructorAccessorImpl.newInstance(NativeConstructorAccessorImpl.java:77)\r\n\tat java.base/jdk.internal.reflect.DelegatingConstructorAccessorImpl.newInstance(DelegatingConstructorAccessorImpl.java:45)\r\n\tat java.base/java.lang.reflect.Constructor.newInstanceWithCaller(Constructor.java:499)\r\n\tat java.base/java.lang.reflect.Constructor.newInstance(Constructor.java:480)\r\n\tat org.openqa.selenium.remote.codec.w3c.W3CHttpResponseCodec.createException(W3CHttpResponseCodec.java:199)\r\n\tat org.openqa.selenium.remote.codec.w3c.W3CHttpResponseCodec.decode(W3CHttpResponseCodec.java:132)\r\n\tat org.openqa.selenium.remote.codec.w3c.W3CHttpResponseCodec.decode(W3CHttpResponseCodec.java:51)\r\n\tat org.openqa.selenium.remote.HttpCommandExecutor.execute(HttpCommandExecutor.java:191)\r\n\tat org.openqa.selenium.remote.service.DriverCommandExecutor.invokeExecute(DriverCommandExecutor.java:196)\r\n\tat org.openqa.selenium.remote.service.DriverCommandExecutor.execute(DriverCommandExecutor.java:171)\r\n\tat org.openqa.selenium.remote.RemoteWebDriver.execute(RemoteWebDriver.java:531)\r\n\tat org.openqa.selenium.remote.ElementLocation$ElementFinder$2.findElement(ElementLocation.java:165)\r\n\tat org.openqa.selenium.remote.ElementLocation.findElement(ElementLocation.java:59)\r\n\tat org.openqa.selenium.remote.RemoteWebDriver.findElement(RemoteWebDriver.java:350)\r\n\tat org.openqa.selenium.remote.RemoteWebDriver.findElement(RemoteWebDriver.java:344)\r\n\tat step.Definations.LoginStepDefination.user_can_enter_valid_username(LoginStepDefination.java:30)\r\n\tat ✽.user can enter valid username(file:///C:/Users/dasuz/eclipse-workspace/New_Automation_FraameWork/./src/test/resources/OnlineBanking.feature:8)\r\n","duration":23999900,"status":"failed"},"line":8,"name":"user can enter valid username","match":{"location":"step.Definations.LoginStepDefination.user_can_enter_valid_username()"},"keyword":"When "},{"result":{"status":"skipped"},"line":9,"name":"user can enter valid password","match":{"location":"step.Definations.LoginStepDefination.user_can_enter_valid_password()"},"keyword":"Then "},{"result":{"status":"skipped"},"line":10,"name":"user can click login button","match":{"location":"step.Definations.LoginStepDefination.user_can_click_login_button()"},"keyword":"When "},{"result":{"status":"skipped"},"line":11,"name":"check logout button exist for validations","match":{"location":"step.Definations.LoginStepDefination.check_logout_button_exist_for_validations()"},"keyword":"Then "}],"tags":[{"name":"@Smoke"},{"name":"@Regression"},{"name":"@Positive"},{"name":"@TC_LP_18"}]},{"start_timestamp":"2023-06-25T23:15:04.320Z","line":14,"name":"Check Login with Invalid credintals","description":"","id":"login-function-test;check-login-with-invalid-credintals","type":"scenario","keyword":"Scenario","steps":[{"result":{"duration":1144507100,"status":"passed"},"line":16,"name":"user can open go the url","match":{"location":"step.Definations.LoginStepDefination.user_can_open_go_the_url()"},"keyword":"Given "},{"result":{"error_message":"org.openqa.selenium.NoSuchElementException: no such element: Unable to locate element: {\"method\":\"xpath\",\"selector\":\"//*[@id='username']\"}\n  (Session info: chrome=114.0.5735.134)\nFor documentation on this error, please visit: https://www.selenium.dev/documentation/webdriver/troubleshooting/errors#no-such-element-exception\nBuild info: version: '4.10.0', revision: 'c14d967899'\nSystem info: os.name: 'Windows 11', os.arch: 'amd64', os.version: '10.0', java.version: '17.0.6'\nDriver info: org.openqa.selenium.chrome.ChromeDriver\nCommand: [e96fbad76d3242fe1811ab5522306af9, findElement {using=xpath, value=//*[@id='username']}]\nCapabilities {acceptInsecureCerts: false, browserName: chrome, browserVersion: 114.0.5735.134, chrome: {chromedriverVersion: 114.0.5735.90 (386bc09e8f4f..., userDataDir: C:\\Users\\dasuz\\AppData\\Loca...}, goog:chromeOptions: {debuggerAddress: localhost:56879}, networkConnectionEnabled: false, pageLoadStrategy: normal, platformName: windows, proxy: Proxy(), se:cdp: ws://localhost:56879/devtoo..., se:cdpVersion: 114.0.5735.134, setWindowRect: true, strictFileInteractability: false, timeouts: {implicit: 0, pageLoad: 300000, script: 30000}, unhandledPromptBehavior: dismiss and notify, webauthn:extension:credBlob: true, webauthn:extension:largeBlob: true, webauthn:extension:minPinLength: true, webauthn:extension:prf: true, webauthn:virtualAuthenticators: true}\nSession ID: e96fbad76d3242fe1811ab5522306af9\r\n\tat java.base/jdk.internal.reflect.NativeConstructorAccessorImpl.newInstance0(Native Method)\r\n\tat java.base/jdk.internal.reflect.NativeConstructorAccessorImpl.newInstance(NativeConstructorAccessorImpl.java:77)\r\n\tat java.base/jdk.internal.reflect.DelegatingConstructorAccessorImpl.newInstance(DelegatingConstructorAccessorImpl.java:45)\r\n\tat java.base/java.lang.reflect.Constructor.newInstanceWithCaller(Constructor.java:499)\r\n\tat java.base/java.lang.reflect.Constructor.newInstance(Constructor.java:480)\r\n\tat org.openqa.selenium.remote.codec.w3c.W3CHttpResponseCodec.createException(W3CHttpResponseCodec.java:199)\r\n\tat org.openqa.selenium.remote.codec.w3c.W3CHttpResponseCodec.decode(W3CHttpResponseCodec.java:132)\r\n\tat org.openqa.selenium.remote.codec.w3c.W3CHttpResponseCodec.decode(W3CHttpResponseCodec.java:51)\r\n\tat org.openqa.selenium.remote.HttpCommandExecutor.execute(HttpCommandExecutor.java:191)\r\n\tat org.openqa.selenium.remote.service.DriverCommandExecutor.invokeExecute(DriverCommandExecutor.java:196)\r\n\tat org.openqa.selenium.remote.service.DriverCommandExecutor.execute(DriverCommandExecutor.java:171)\r\n\tat org.openqa.selenium.remote.RemoteWebDriver.execute(RemoteWebDriver.java:531)\r\n\tat org.openqa.selenium.remote.ElementLocation$ElementFinder$2.findElement(ElementLocation.java:165)\r\n\tat org.openqa.selenium.remote.ElementLocation.findElement(ElementLocation.java:59)\r\n\tat org.openqa.selenium.remote.RemoteWebDriver.findElement(RemoteWebDriver.java:350)\r\n\tat org.openqa.selenium.remote.RemoteWebDriver.findElement(RemoteWebDriver.java:344)\r\n\tat step.Definations.LoginStepDefination.user_can_enter_invali_username(LoginStepDefination.java:62)\r\n\tat ✽.user can enter Invali username(file:///C:/Users/dasuz/eclipse-workspace/New_Automation_FraameWork/./src/test/resources/OnlineBanking.feature:17)\r\n","duration":18311000,"status":"failed"},"line":17,"name":"user can enter Invali username","match":{"location":"step.Definations.LoginStepDefination.user_can_enter_invali_username()"},"keyword":"When "},{"result":{"status":"skipped"},"line":18,"name":"user can enter Invalid password","match":{"location":"step.Definations.LoginStepDefination.user_can_enter_invalid_password()"},"keyword":"Then "},{"result":{"status":"skipped"},"line":19,"name":"user can click login button","match":{"location":"step.Definations.LoginStepDefination.user_can_click_login_button()"},"keyword":"When "},{"result":{"status":"skipped"},"line":20,"name":"alert textbox should pop","match":{"location":"step.Definations.LoginStepDefination.alert_textbox_should_pop()"},"keyword":"Then "}],"tags":[{"name":"@Smoke"},{"name":"@Regression"},{"name":"@Negative"},{"name":"@TC_LP_19"}]},{"start_timestamp":"2023-06-25T23:15:05.487Z","line":23,"name":"Check Login with null credintals","description":"","id":"login-function-test;check-login-with-null-credintals","type":"scenario","keyword":"Scenario","steps":[{"result":{"duration":1124075300,"status":"passed"},"line":25,"name":"user can open go the url","match":{"location":"step.Definations.LoginStepDefination.user_can_open_go_the_url()"},"keyword":"Given "},{"result":{"error_message":"org.openqa.selenium.NoSuchElementException: no such element: Unable to locate element: {\"method\":\"xpath\",\"selector\":\"//*[@id='username']\"}\n  (Session info: chrome=114.0.5735.134)\nFor documentation on this error, please visit: https://www.selenium.dev/documentation/webdriver/troubleshooting/errors#no-such-element-exception\nBuild info: version: '4.10.0', revision: 'c14d967899'\nSystem info: os.name: 'Windows 11', os.arch: 'amd64', os.version: '10.0', java.version: '17.0.6'\nDriver info: org.openqa.selenium.chrome.ChromeDriver\nCommand: [fae27b40ad06074c1aefd575b8034c62, findElement {using=xpath, value=//*[@id='username']}]\nCapabilities {acceptInsecureCerts: false, browserName: chrome, browserVersion: 114.0.5735.134, chrome: {chromedriverVersion: 114.0.5735.90 (386bc09e8f4f..., userDataDir: C:\\Users\\dasuz\\AppData\\Loca...}, goog:chromeOptions: {debuggerAddress: localhost:56891}, networkConnectionEnabled: false, pageLoadStrategy: normal, platformName: windows, proxy: Proxy(), se:cdp: ws://localhost:56891/devtoo..., se:cdpVersion: 114.0.5735.134, setWindowRect: true, strictFileInteractability: false, timeouts: {implicit: 0, pageLoad: 300000, script: 30000}, unhandledPromptBehavior: dismiss and notify, webauthn:extension:credBlob: true, webauthn:extension:largeBlob: true, webauthn:extension:minPinLength: true, webauthn:extension:prf: true, webauthn:virtualAuthenticators: true}\nSession ID: fae27b40ad06074c1aefd575b8034c62\r\n\tat java.base/jdk.internal.reflect.NativeConstructorAccessorImpl.newInstance0(Native Method)\r\n\tat java.base/jdk.internal.reflect.NativeConstructorAccessorImpl.newInstance(NativeConstructorAccessorImpl.java:77)\r\n\tat java.base/jdk.internal.reflect.DelegatingConstructorAccessorImpl.newInstance(DelegatingConstructorAccessorImpl.java:45)\r\n\tat java.base/java.lang.reflect.Constructor.newInstanceWithCaller(Constructor.java:499)\r\n\tat java.base/java.lang.reflect.Constructor.newInstance(Constructor.java:480)\r\n\tat org.openqa.selenium.remote.codec.w3c.W3CHttpResponseCodec.createException(W3CHttpResponseCodec.java:199)\r\n\tat org.openqa.selenium.remote.codec.w3c.W3CHttpResponseCodec.decode(W3CHttpResponseCodec.java:132)\r\n\tat org.openqa.selenium.remote.codec.w3c.W3CHttpResponseCodec.decode(W3CHttpResponseCodec.java:51)\r\n\tat org.openqa.selenium.remote.HttpCommandExecutor.execute(HttpCommandExecutor.java:191)\r\n\tat org.openqa.selenium.remote.service.DriverCommandExecutor.invokeExecute(DriverCommandExecutor.java:196)\r\n\tat org.openqa.selenium.remote.service.DriverCommandExecutor.execute(DriverCommandExecutor.java:171)\r\n\tat org.openqa.selenium.remote.RemoteWebDriver.execute(RemoteWebDriver.java:531)\r\n\tat org.openqa.selenium.remote.ElementLocation$ElementFinder$2.findElement(ElementLocation.java:165)\r\n\tat org.openqa.selenium.remote.ElementLocation.findElement(ElementLocation.java:59)\r\n\tat org.openqa.selenium.remote.RemoteWebDriver.findElement(RemoteWebDriver.java:350)\r\n\tat org.openqa.selenium.remote.RemoteWebDriver.findElement(RemoteWebDriver.java:344)\r\n\tat step.Definations.LoginStepDefination.user_can_enter_null_username(LoginStepDefination.java:86)\r\n\tat ✽.user can enter null username(file:///C:/Users/dasuz/eclipse-workspace/New_Automation_FraameWork/./src/test/resources/OnlineBanking.feature:26)\r\n","duration":14754800,"status":"failed"},"line":26,"name":"user can enter null username","match":{"location":"step.Definations.LoginStepDefination.user_can_enter_null_username()"},"keyword":"When "},{"result":{"status":"skipped"},"line":27,"name":"user can enter null password","match":{"location":"step.Definations.LoginStepDefination.user_can_enter_null_password()"},"keyword":"Then "},{"result":{"status":"skipped"},"line":28,"name":"user can click login button","match":{"location":"step.Definations.LoginStepDefination.user_can_click_login_button()"},"keyword":"When "},{"result":{"status":"skipped"},"line":29,"name":"alert textbox should pop","match":{"location":"step.Definations.LoginStepDefination.alert_textbox_should_pop()"},"keyword":"Then "}],"tags":[{"name":"@Smoke"},{"name":"@Regression"},{"name":"@Negative"},{"name":"@TC_LP_20"}]}],"name":"Login function test","description":"Description: ","id":"login-function-test","keyword":"Feature","uri":"file:src/test/resources/OnlineBanking.feature","tags":[{"name":"@Smoke","type":"Tag","location":{"line":1,"column":1}},{"name":"@Regression","type":"Tag","location":{"line":1,"column":8}}]}]